#
# There is insufficient memory for the Java Runtime Environment to continue.
# Native memory allocation (malloc) failed to allocate 144784 bytes for Chunk::new
# Possible reasons:
#   The system is out of physical RAM or swap space
#   In 32 bit mode, the process size limit was hit
# Possible solutions:
#   Reduce memory load on the system
#   Increase physical memory or swap space
#   Check if swap backing store is full
#   Use 64 bit Java on a 64 bit OS
#   Decrease Java heap size (-Xmx/-Xms)
#   Decrease number of Java threads
#   Decrease Java thread stack sizes (-Xss)
#   Set larger code cache with -XX:ReservedCodeCacheSize=
# This output file may be truncated or incomplete.
#
#  Out of Memory Error (allocation.cpp:323), pid=10128, tid=6980
#
# JRE version: Java(TM) SE Runtime Environment (7.0_75-b13) (build 1.7.0_75-b13)
# Java VM: Java HotSpot(TM) 64-Bit Server VM (24.75-b04 mixed mode windows-amd64 compressed oops)
# Failed to write core dump. Minidumps are not enabled by default on client versions of Windows
#

---------------  T H R E A D  ---------------

Current thread (0x0000000008b08000):  JavaThread "C2 CompilerThread1" daemon [_thread_in_native, id=6980, stack(0x000000000a170000,0x000000000a270000)]

Stack: [0x000000000a170000,0x000000000a270000]

Current CompileTask:
C2:    535  176             com.android.dx.merge.DexMerger$1::write (9 bytes)


---------------  P R O C E S S  ---------------

Java Threads: ( => current thread )
  0x0000000008b1a000 JavaThread "Service Thread" daemon [_thread_blocked, id=3092, stack(0x000000000a270000,0x000000000a370000)]
=>0x0000000008b08000 JavaThread "C2 CompilerThread1" daemon [_thread_in_native, id=6980, stack(0x000000000a170000,0x000000000a270000)]
  0x0000000008b05000 JavaThread "C2 CompilerThread0" daemon [_thread_in_native, id=6140, stack(0x000000000a070000,0x000000000a170000)]
  0x0000000008b04000 JavaThread "Attach Listener" daemon [_thread_blocked, id=11460, stack(0x0000000009f70000,0x000000000a070000)]
  0x0000000008b01000 JavaThread "Signal Dispatcher" daemon [_thread_blocked, id=10032, stack(0x0000000009e70000,0x0000000009f70000)]
  0x0000000008ad0000 JavaThread "Finalizer" daemon [_thread_blocked, id=11032, stack(0x0000000009d70000,0x0000000009e70000)]
  0x0000000008ac6000 JavaThread "Reference Handler" daemon [_thread_blocked, id=12224, stack(0x0000000009c70000,0x0000000009d70000)]
  0x0000000002c1d800 JavaThread "main" [_thread_in_Java, id=9504, stack(0x00000000012c0000,0x00000000013c0000)]

Other Threads:
  0x0000000008ac1000 VMThread [stack: 0x0000000009b70000,0x0000000009c70000] [id=9052]
  0x0000000008b2d000 WatcherThread [stack: 0x000000000a370000,0x000000000a470000] [id=11064]

VM state:not at safepoint (normal execution)

VM Mutex/Monitor currently owned by a thread: None

Heap
 PSYoungGen      total 76288K, used 28343K [0x00000000eaa80000, 0x00000000eff80000, 0x0000000100000000)
  eden space 65536K, 43% used [0x00000000eaa80000,0x00000000ec62de28,0x00000000eea80000)
  from space 10752K, 0% used [0x00000000ef500000,0x00000000ef500000,0x00000000eff80000)
  to   space 10752K, 0% used [0x00000000eea80000,0x00000000eea80000,0x00000000ef500000)
 ParOldGen       total 174080K, used 0K [0x00000000c0000000, 0x00000000caa00000, 0x00000000eaa80000)
  object space 174080K, 0% used [0x00000000c0000000,0x00000000c0000000,0x00000000caa00000)
 PSPermGen       total 21504K, used 6462K [0x00000000bae00000, 0x00000000bc300000, 0x00000000c0000000)
  object space 21504K, 30% used [0x00000000bae00000,0x00000000bb44f9d0,0x00000000bc300000)

Card table byte_map: [0x0000000005ce0000,0x0000000005f10000] byte_map_base: 0x0000000005709000

Polling page: 0x0000000001170000

Code Cache  [0x0000000002c20000, 0x0000000002e90000, 0x0000000005c20000)
 total_blobs=430 nmethods=175 adapters=207 free_code_cache=48513Kb largest_free_block=49652288

Compilation events (10 events):
Event: 0.529 Thread 0x0000000008b08000 nmethod 172 0x0000000002cbdd50 code [0x0000000002cbdea0, 0x0000000002cbe018]
Event: 0.529 Thread 0x0000000008b08000  173             java.nio.ByteBuffer::put (9 bytes)
Event: 0.530 Thread 0x0000000008b08000 nmethod 173 0x0000000002cc1250 code [0x0000000002cc13a0, 0x0000000002cc1518]
Event: 0.530 Thread 0x0000000008b08000  174             java.nio.HeapByteBuffer::put (54 bytes)
Event: 0.531 Thread 0x0000000008b05000 nmethod 169 0x0000000002cc0410 code [0x0000000002cc05c0, 0x0000000002cc0b60]
Event: 0.531 Thread 0x0000000008b05000  175             com.android.dx.merge.DexMerger::access$1500 (5 bytes)
Event: 0.531 Thread 0x0000000008b08000 nmethod 174 0x0000000002cbff90 code [0x0000000002cc00e0, 0x0000000002cc0298]
Event: 0.531 Thread 0x0000000008b08000  176             com.android.dx.merge.DexMerger$1::write (9 bytes)
Event: 0.531 Thread 0x0000000008b05000 nmethod 175 0x0000000002cbdb50 code [0x0000000002cbdc80, 0x0000000002cbdcd8]
Event: 0.531 Thread 0x0000000008b05000  177             com.android.dx.merge.DexMerger$1::write (51 bytes)

GC Heap History (0 events):
No events

Deoptimization events (4 events):
Event: 0.471 Thread 0x0000000002c1d800 Uncommon trap: reason=class_check action=maybe_recompile pc=0x0000000002cae220 method=com.android.dex.Leb128.readUnsignedLeb128(Lcom/android/dex/util/ByteInput;)I @ 5
Event: 0.471 Thread 0x0000000002c1d800 Uncommon trap: reason=class_check action=maybe_recompile pc=0x0000000002cae220 method=com.android.dex.Leb128.readUnsignedLeb128(Lcom/android/dex/util/ByteInput;)I @ 5
Event: 0.471 Thread 0x0000000002c1d800 Uncommon trap: reason=class_check action=maybe_recompile pc=0x0000000002cae220 method=com.android.dex.Leb128.readUnsignedLeb128(Lcom/android/dex/util/ByteInput;)I @ 5
Event: 0.471 Thread 0x0000000002c1d800 Uncommon trap: reason=class_check action=maybe_recompile pc=0x0000000002cae220 method=com.android.dex.Leb128.readUnsignedLeb128(Lcom/android/dex/util/ByteInput;)I @ 5

Internal exceptions (10 events):
Event: 0.420 Thread 0x0000000002c1d800 Threw 0x00000000ebee87c0 at C:\re\jdk7u75\1940\hotspot\src\share\vm\prims\jvm.cpp:1281
Event: 0.421 Thread 0x0000000002c1d800 Threw 0x00000000ebeeb6c8 at C:\re\jdk7u75\1940\hotspot\src\share\vm\prims\jvm.cpp:1281
Event: 0.421 Thread 0x0000000002c1d800 Threw 0x00000000ebeee6f8 at C:\re\jdk7u75\1940\hotspot\src\share\vm\prims\jvm.cpp:1281
Event: 0.421 Thread 0x0000000002c1d800 Threw 0x00000000ebef1800 at C:\re\jdk7u75\1940\hotspot\src\share\vm\prims\jvm.cpp:1281
Event: 0.422 Thread 0x0000000002c1d800 Threw 0x00000000ebef54c8 at C:\re\jdk7u75\1940\hotspot\src\share\vm\prims\jvm.cpp:1281
Event: 0.422 Thread 0x0000000002c1d800 Threw 0x00000000ebef83a8 at C:\re\jdk7u75\1940\hotspot\src\share\vm\prims\jvm.cpp:1281
Event: 0.422 Thread 0x0000000002c1d800 Threw 0x00000000ebefb448 at C:\re\jdk7u75\1940\hotspot\src\share\vm\prims\jvm.cpp:1281
Event: 0.422 Thread 0x0000000002c1d800 Threw 0x00000000ebefe910 at C:\re\jdk7u75\1940\hotspot\src\share\vm\prims\jvm.cpp:1281
Event: 0.424 Thread 0x0000000002c1d800 Threw 0x00000000ebf45b38 at C:\re\jdk7u75\1940\hotspot\src\share\vm\prims\jvm.cpp:1281
Event: 0.424 Thread 0x0000000002c1d800 Threw 0x00000000ebf47d88 at C:\re\jdk7u75\1940\hotspot\src\share\vm\prims\jvm.cpp:1281

Events (10 events):
Event: 0.471 Thread 0x0000000002c1d800 DEOPT UNPACKING pc=0x0000000002c575a4 sp=0x00000000013beb50 mode 2
Event: 0.471 Thread 0x0000000002c1d800 Uncommon trap: trap_request=0xffffffde fr.pc=0x0000000002cae220
Event: 0.471 Thread 0x0000000002c1d800 DEOPT PACKING pc=0x0000000002cae220 sp=0x00000000013bebc0
Event: 0.471 Thread 0x0000000002c1d800 DEOPT UNPACKING pc=0x0000000002c575a4 sp=0x00000000013beb60 mode 2
Event: 0.471 Thread 0x0000000002c1d800 Uncommon trap: trap_request=0xffffffde fr.pc=0x0000000002cae220
Event: 0.471 Thread 0x0000000002c1d800 DEOPT PACKING pc=0x0000000002cae220 sp=0x00000000013bebb0
Event: 0.471 Thread 0x0000000002c1d800 DEOPT UNPACKING pc=0x0000000002c575a4 sp=0x00000000013beb50 mode 2
Event: 0.471 Thread 0x0000000002c1d800 Uncommon trap: trap_request=0xffffffde fr.pc=0x0000000002cae220
Event: 0.471 Thread 0x0000000002c1d800 DEOPT PACKING pc=0x0000000002cae220 sp=0x00000000013bead0
Event: 0.471 Thread 0x0000000002c1d800 DEOPT UNPACKING pc=0x0000000002c575a4 sp=0x00000000013bea70 mode 2


Dynamic libraries:
0x00007ff6b5250000 - 0x00007ff6b5283000 	C:\Program Files\Java\jdk1.7.0_75\bin\java.exe
0x00007ffb1d420000 - 0x00007ffb1d5cc000 	C:\Windows\SYSTEM32\ntdll.dll
0x00007ffb1cf90000 - 0x00007ffb1d0ca000 	C:\Windows\system32\KERNEL32.DLL
0x00007ffb1a9b0000 - 0x00007ffb1aabf000 	C:\Windows\system32\KERNELBASE.dll
0x00007ffb19250000 - 0x00007ffb192d8000 	C:\Windows\system32\apphelp.dll
0x00007ffb01d00000 - 0x00007ffb01d4f000 	C:\Windows\AppPatch\AppPatch64\AcGenral.DLL
0x00007ffb1d280000 - 0x00007ffb1d327000 	C:\Windows\system32\msvcrt.dll
0x00007ffb1a510000 - 0x00007ffb1a53b000 	C:\Windows\SYSTEM32\SspiCli.dll
0x00007ffb1cbc0000 - 0x00007ffb1cc11000 	C:\Windows\system32\SHLWAPI.dll
0x00007ffb1b220000 - 0x00007ffb1b391000 	C:\Windows\system32\USER32.dll
0x00007ffb1cc20000 - 0x00007ffb1cd98000 	C:\Windows\system32\ole32.dll
0x00007ffb1b480000 - 0x00007ffb1c998000 	C:\Windows\system32\SHELL32.dll
0x00007ffb19cb0000 - 0x00007ffb19cce000 	C:\Windows\SYSTEM32\USERENV.dll
0x00007ffb1b3d0000 - 0x00007ffb1b475000 	C:\Windows\system32\ADVAPI32.dll
0x00007ffb10560000 - 0x00007ffb1057b000 	C:\Windows\SYSTEM32\MPR.dll
0x00007ffb1d0d0000 - 0x00007ffb1d207000 	C:\Windows\system32\RPCRT4.dll
0x00007ffb1af10000 - 0x00007ffb1af67000 	C:\Windows\SYSTEM32\sechost.dll
0x00007ffb1b040000 - 0x00007ffb1b216000 	C:\Windows\SYSTEM32\combase.dll
0x00007ffb1ca60000 - 0x00007ffb1cba4000 	C:\Windows\system32\GDI32.dll
0x00007ffb1a660000 - 0x00007ffb1a674000 	C:\Windows\SYSTEM32\profapi.dll
0x00007ffb18c20000 - 0x00007ffb18cd2000 	C:\Windows\SYSTEM32\SHCORE.dll
0x00007ffb1d330000 - 0x00007ffb1d364000 	C:\Windows\system32\IMM32.DLL
0x00007ffb1ab70000 - 0x00007ffb1acc1000 	C:\Windows\system32\MSCTF.dll
0x00007ffb183a0000 - 0x00007ffb185fa000 	C:\Windows\WinSxS\amd64_microsoft.windows.common-controls_6595b64144ccf1df_6.0.9600.17031_none_6242a4b3ecbb55a1\COMCTL32.dll
0x00000000672f0000 - 0x00000000673c2000 	C:\Program Files\Java\jdk1.7.0_75\jre\bin\msvcr100.dll
0x0000000067750000 - 0x0000000067f24000 	C:\Program Files\Java\jdk1.7.0_75\jre\bin\server\jvm.dll
0x00007ffb15a20000 - 0x00007ffb15a29000 	C:\Windows\SYSTEM32\WSOCK32.dll
0x00007ffb16a80000 - 0x00007ffb16a9f000 	C:\Windows\SYSTEM32\WINMM.dll
0x00007ffb1cbb0000 - 0x00007ffb1cbb7000 	C:\Windows\system32\PSAPI.DLL
0x00007ffb1c9a0000 - 0x00007ffb1c9f8000 	C:\Windows\system32\WS2_32.dll
0x00007ffb169d0000 - 0x00007ffb169fa000 	C:\Windows\SYSTEM32\WINMMBASE.dll
0x00007ffb1b3a0000 - 0x00007ffb1b3a9000 	C:\Windows\system32\NSI.dll
0x00007ffb1a730000 - 0x00007ffb1a77a000 	C:\Windows\SYSTEM32\cfgmgr32.dll
0x00007ffb194c0000 - 0x00007ffb194e6000 	C:\Windows\SYSTEM32\DEVOBJ.dll
0x0000000067f70000 - 0x0000000067f7f000 	C:\Program Files\Java\jdk1.7.0_75\jre\bin\verify.dll
0x0000000067720000 - 0x0000000067748000 	C:\Program Files\Java\jdk1.7.0_75\jre\bin\java.dll
0x0000000067f50000 - 0x0000000067f65000 	C:\Program Files\Java\jdk1.7.0_75\jre\bin\zip.dll
0x0000000067700000 - 0x0000000067719000 	C:\Program Files\Java\jdk1.7.0_75\jre\bin\net.dll
0x00007ffb19f00000 - 0x00007ffb19f58000 	C:\Windows\system32\mswsock.dll
0x00000000676e0000 - 0x00000000676f1000 	C:\Program Files\Java\jdk1.7.0_75\jre\bin\nio.dll

VM Arguments:
jvm_args: -Xmx1024M -Dfile.encoding=windows-1252 -Duser.country=US -Duser.language=en -Duser.variant 
java_command: com.android.dx.command.Main --dex --output C:\Users\Blargmode\AndroidStudioProjects\Nilsson_M_Assignment2\app\build\intermediates\dex\debug C:\Users\Blargmode\AndroidStudioProjects\Nilsson_M_Assignment2\app\build\intermediates\classes\debug C:\Users\Blargmode\AndroidStudioProjects\Nilsson_M_Assignment2\app\build\intermediates\pre-dexed\debug\support-annotations-22.0.0-32e9c74858c627cda287d6ec240e6a91995e0379.jar C:\Users\Blargmode\AndroidStudioProjects\Nilsson_M_Assignment2\app\build\intermediates\pre-dexed\debug\internal_impl-22.0.0-40a2a8f58ebe0ce242fdf5581bb7961700556f92.jar C:\Users\Blargmode\AndroidStudioProjects\Nilsson_M_Assignment2\app\build\intermediates\pre-dexed\debug\classes-143ce5a44fb9842e7e5050e1f99eb3c4fa2167c4.jar C:\Users\Blargmode\AndroidStudioProjects\Nilsson_M_Assignment2\app\build\intermediates\pre-dexed\debug\classes-f7592cd6120f1782c6afb8ba4c755535ddd5a880.jar
Launcher Type: SUN_STANDARD

Environment Variables:
PATH=C:\Program Files (x86)\NVIDIA Corporation\PhysX\Common;C:\Program Files (x86)\Intel\iCLS Client\;C:\Program Files\Intel\iCLS Client\;C:\Windows\system32;C:\Windows;C:\Windows\System32\Wbem;C:\Windows\System32\WindowsPowerShell\v1.0\;C:\Program Files\Intel\Intel(R) Management Engine Components\DAL;C:\Program Files\Intel\Intel(R) Management Engine Components\IPT;C:\Program Files (x86)\Intel\Intel(R) Management Engine Components\DAL;C:\Program Files (x86)\Intel\Intel(R) Management Engine Components\IPT;C:\Program Files (x86)\Windows Kits\8.1\Windows Performance Toolkit\;C:\Program Files\Microsoft SQL Server\110\Tools\Binn\;C:\Program Files (x86)\Microsoft SDKs\TypeScript\1.0\;C:\Program Files\Microsoft SQL Server\120\Tools\Binn\
USERNAME=Blargmode
OS=Windows_NT
PROCESSOR_IDENTIFIER=Intel64 Family 6 Model 58 Stepping 9, GenuineIntel



---------------  S Y S T E M  ---------------

OS: Windows 8.1 , 64 bit Build 9600 

CPU:total 4 (4 cores per cpu, 1 threads per core) family 6 model 58 stepping 9, cmov, cx8, fxsr, mmx, sse, sse2, sse3, ssse3, sse4.1, sse4.2, popcnt, avx, aes, erms, tsc, tscinvbit, tscinv

Memory: 4k page, physical 16719836k(2031340k free), swap 18768104k(5128k free)

vm_info: Java HotSpot(TM) 64-Bit Server VM (24.75-b04) for windows-amd64 JRE (1.7.0_75-b13), built on Dec 18 2014 17:15:01 by "java_re" with unknown MS VC++:1600

time: Thu Apr 09 00:17:38 2015
elapsed time: 0 seconds

